running egg_info
creating ../../build/control_pwm/control_pwm.egg-info
writing ../../build/control_pwm/control_pwm.egg-info/PKG-INFO
writing dependency_links to ../../build/control_pwm/control_pwm.egg-info/dependency_links.txt
writing entry points to ../../build/control_pwm/control_pwm.egg-info/entry_points.txt
writing requirements to ../../build/control_pwm/control_pwm.egg-info/requires.txt
writing top-level names to ../../build/control_pwm/control_pwm.egg-info/top_level.txt
writing manifest file '../../build/control_pwm/control_pwm.egg-info/SOURCES.txt'
reading manifest file '../../build/control_pwm/control_pwm.egg-info/SOURCES.txt'
writing manifest file '../../build/control_pwm/control_pwm.egg-info/SOURCES.txt'
running build
running build_py
creating /home/nextauv/rov_ws/build/control_pwm/build
creating /home/nextauv/rov_ws/build/control_pwm/build/lib
creating /home/nextauv/rov_ws/build/control_pwm/build/lib/control_pwm
copying control_pwm/control_node.py -> /home/nextauv/rov_ws/build/control_pwm/build/lib/control_pwm
copying control_pwm/__init__.py -> /home/nextauv/rov_ws/build/control_pwm/build/lib/control_pwm
running install
running install_lib
creating /home/nextauv/rov_ws/install/control_pwm/lib/python3.12/site-packages/control_pwm
copying /home/nextauv/rov_ws/build/control_pwm/build/lib/control_pwm/control_node.py -> /home/nextauv/rov_ws/install/control_pwm/lib/python3.12/site-packages/control_pwm
copying /home/nextauv/rov_ws/build/control_pwm/build/lib/control_pwm/__init__.py -> /home/nextauv/rov_ws/install/control_pwm/lib/python3.12/site-packages/control_pwm
byte-compiling /home/nextauv/rov_ws/install/control_pwm/lib/python3.12/site-packages/control_pwm/control_node.py to control_node.cpython-312.pyc
byte-compiling /home/nextauv/rov_ws/install/control_pwm/lib/python3.12/site-packages/control_pwm/__init__.py to __init__.cpython-312.pyc
running install_data
creating /home/nextauv/rov_ws/install/control_pwm/share/ament_index
creating /home/nextauv/rov_ws/install/control_pwm/share/ament_index/resource_index
creating /home/nextauv/rov_ws/install/control_pwm/share/ament_index/resource_index/packages
copying resource/control_pwm -> /home/nextauv/rov_ws/install/control_pwm/share/ament_index/resource_index/packages
copying package.xml -> /home/nextauv/rov_ws/install/control_pwm/share/control_pwm
running install_egg_info
Copying ../../build/control_pwm/control_pwm.egg-info to /home/nextauv/rov_ws/install/control_pwm/lib/python3.12/site-packages/control_pwm-0.0.0-py3.12.egg-info
running install_scripts
Installing control_node script to /home/nextauv/rov_ws/install/control_pwm/lib/control_pwm
writing list of installed files to '/home/nextauv/rov_ws/build/control_pwm/install.log'
