[1.183s] Invoking command in '/home/nextauv/rov_ws/src/control_pwm': DEBUGINFOD_URLS=https://debuginfod.ubuntu.com PYTHONPATH=/home/nextauv/rov_ws/build/control_pwm/prefix_override:/usr/lib/python3/dist-packages/colcon_core/task/python/colcon_distutils_commands:/home/nextauv/rov_ws/install/control_pwm/lib/python3.12/site-packages:${PYTHONPATH} /usr/bin/python3 -W ignore:setup.py install is deprecated -W ignore:easy_install command is deprecated setup.py egg_info --egg-base ../../build/control_pwm build --build-base /home/nextauv/rov_ws/build/control_pwm/build install --record /home/nextauv/rov_ws/build/control_pwm/install.log --single-version-externally-managed install_data
[1.491s] running egg_info
[1.491s] creating ../../build/control_pwm/control_pwm.egg-info
[1.512s] writing ../../build/control_pwm/control_pwm.egg-info/PKG-INFO
[1.512s] writing dependency_links to ../../build/control_pwm/control_pwm.egg-info/dependency_links.txt
[1.512s] writing entry points to ../../build/control_pwm/control_pwm.egg-info/entry_points.txt
[1.513s] writing requirements to ../../build/control_pwm/control_pwm.egg-info/requires.txt
[1.513s] writing top-level names to ../../build/control_pwm/control_pwm.egg-info/top_level.txt
[1.513s] writing manifest file '../../build/control_pwm/control_pwm.egg-info/SOURCES.txt'
[1.555s] reading manifest file '../../build/control_pwm/control_pwm.egg-info/SOURCES.txt'
[1.556s] writing manifest file '../../build/control_pwm/control_pwm.egg-info/SOURCES.txt'
[1.556s] running build
[1.556s] running build_py
[1.556s] creating /home/nextauv/rov_ws/build/control_pwm/build
[1.557s] creating /home/nextauv/rov_ws/build/control_pwm/build/lib
[1.557s] creating /home/nextauv/rov_ws/build/control_pwm/build/lib/control_pwm
[1.557s] copying control_pwm/control_node.py -> /home/nextauv/rov_ws/build/control_pwm/build/lib/control_pwm
[1.557s] copying control_pwm/__init__.py -> /home/nextauv/rov_ws/build/control_pwm/build/lib/control_pwm
[1.557s] running install
[1.564s] running install_lib
[1.586s] creating /home/nextauv/rov_ws/install/control_pwm/lib/python3.12/site-packages/control_pwm
[1.586s] copying /home/nextauv/rov_ws/build/control_pwm/build/lib/control_pwm/control_node.py -> /home/nextauv/rov_ws/install/control_pwm/lib/python3.12/site-packages/control_pwm
[1.586s] copying /home/nextauv/rov_ws/build/control_pwm/build/lib/control_pwm/__init__.py -> /home/nextauv/rov_ws/install/control_pwm/lib/python3.12/site-packages/control_pwm
[1.586s] byte-compiling /home/nextauv/rov_ws/install/control_pwm/lib/python3.12/site-packages/control_pwm/control_node.py to control_node.cpython-312.pyc
[1.588s] byte-compiling /home/nextauv/rov_ws/install/control_pwm/lib/python3.12/site-packages/control_pwm/__init__.py to __init__.cpython-312.pyc
[1.588s] running install_data
[1.588s] creating /home/nextauv/rov_ws/install/control_pwm/share/ament_index
[1.588s] creating /home/nextauv/rov_ws/install/control_pwm/share/ament_index/resource_index
[1.588s] creating /home/nextauv/rov_ws/install/control_pwm/share/ament_index/resource_index/packages
[1.589s] copying resource/control_pwm -> /home/nextauv/rov_ws/install/control_pwm/share/ament_index/resource_index/packages
[1.589s] copying package.xml -> /home/nextauv/rov_ws/install/control_pwm/share/control_pwm
[1.589s] running install_egg_info
[1.611s] Copying ../../build/control_pwm/control_pwm.egg-info to /home/nextauv/rov_ws/install/control_pwm/lib/python3.12/site-packages/control_pwm-0.0.0-py3.12.egg-info
[1.612s] running install_scripts
[1.756s] Installing control_node script to /home/nextauv/rov_ws/install/control_pwm/lib/control_pwm
[1.756s] writing list of installed files to '/home/nextauv/rov_ws/build/control_pwm/install.log'
[1.791s] Invoked command in '/home/nextauv/rov_ws/src/control_pwm' returned '0': DEBUGINFOD_URLS=https://debuginfod.ubuntu.com PYTHONPATH=/home/nextauv/rov_ws/build/control_pwm/prefix_override:/usr/lib/python3/dist-packages/colcon_core/task/python/colcon_distutils_commands:/home/nextauv/rov_ws/install/control_pwm/lib/python3.12/site-packages:${PYTHONPATH} /usr/bin/python3 -W ignore:setup.py install is deprecated -W ignore:easy_install command is deprecated setup.py egg_info --egg-base ../../build/control_pwm build --build-base /home/nextauv/rov_ws/build/control_pwm/build install --record /home/nextauv/rov_ws/build/control_pwm/install.log --single-version-externally-managed install_data
