[0.116s] DEBUG:colcon:Command line arguments: ['/usr/bin/colcon', 'build']
[0.116s] DEBUG:colcon:Parsed command line arguments: Namespace(log_base=None, log_level=None, verb_name='build', build_base='build', install_base='install', merge_install=False, symlink_install=False, test_result_base=None, continue_on_error=False, executor='parallel', parallel_workers=8, event_handlers=None, ignore_user_meta=False, metas=['./colcon.meta'], base_paths=['.'], packages_ignore=None, packages_ignore_regex=None, paths=None, packages_up_to=None, packages_up_to_regex=None, packages_above=None, packages_above_and_dependencies=None, packages_above_depth=None, packages_select_by_dep=None, packages_skip_by_dep=None, packages_skip_up_to=None, packages_select_build_failed=False, packages_skip_build_finished=False, packages_select_test_failures=False, packages_skip_test_passed=False, packages_select=None, packages_skip=None, packages_select_regex=None, packages_skip_regex=None, packages_start=None, packages_end=None, allow_overriding=[], cmake_args=None, cmake_target=None, cmake_target_skip_unavailable=False, cmake_clean_cache=False, cmake_clean_first=False, cmake_force_configure=False, ament_cmake_args=None, catkin_cmake_args=None, catkin_skip_building_tests=False, mixin_files=None, mixin=None, verb_parser=<colcon_mixin.mixin.mixin_argument.MixinArgumentDecorator object at 0x7f67a7389580>, verb_extension=<colcon_core.verb.build.BuildVerb object at 0x7f67a74b5040>, main=<bound method BuildVerb.main of <colcon_core.verb.build.BuildVerb object at 0x7f67a74b5040>>, mixin_verb=('build',))
[0.158s] Level 1:colcon.colcon_core.package_discovery:discover_packages(colcon_meta) check parameters
[0.158s] Level 1:colcon.colcon_core.package_discovery:discover_packages(recursive) check parameters
[0.158s] Level 1:colcon.colcon_core.package_discovery:discover_packages(ignore) check parameters
[0.158s] Level 1:colcon.colcon_core.package_discovery:discover_packages(path) check parameters
[0.158s] Level 1:colcon.colcon_core.package_discovery:discover_packages(colcon_meta) discover
[0.158s] Level 1:colcon.colcon_core.package_discovery:discover_packages(recursive) discover
[0.159s] INFO:colcon.colcon_core.package_discovery:Crawling recursively for packages in '/home/nextauv/rov_ws'
[0.159s] Level 1:colcon.colcon_core.package_identification:_identify(.) by extensions ['ignore', 'ignore_ament_install']
[0.159s] Level 1:colcon.colcon_core.package_identification:_identify(.) by extension 'ignore'
[0.159s] Level 1:colcon.colcon_core.package_identification:_identify(.) by extension 'ignore_ament_install'
[0.159s] Level 1:colcon.colcon_core.package_identification:_identify(.) by extensions ['colcon_pkg']
[0.159s] Level 1:colcon.colcon_core.package_identification:_identify(.) by extension 'colcon_pkg'
[0.159s] Level 1:colcon.colcon_core.package_identification:_identify(.) by extensions ['colcon_meta']
[0.159s] Level 1:colcon.colcon_core.package_identification:_identify(.) by extension 'colcon_meta'
[0.159s] Level 1:colcon.colcon_core.package_identification:_identify(.) by extensions ['ros']
[0.159s] Level 1:colcon.colcon_core.package_identification:_identify(.) by extension 'ros'
[0.187s] Level 1:colcon.colcon_core.package_identification:_identify(.) by extensions ['cmake', 'python']
[0.187s] Level 1:colcon.colcon_core.package_identification:_identify(.) by extension 'cmake'
[0.187s] Level 1:colcon.colcon_core.package_identification:_identify(.) by extension 'python'
[0.187s] Level 1:colcon.colcon_core.package_identification:_identify(.) by extensions ['python_setup_py']
[0.187s] Level 1:colcon.colcon_core.package_identification:_identify(.) by extension 'python_setup_py'
[0.187s] Level 1:colcon.colcon_core.package_identification:_identify(build) by extensions ['ignore', 'ignore_ament_install']
[0.188s] Level 1:colcon.colcon_core.package_identification:_identify(build) by extension 'ignore'
[0.188s] Level 1:colcon.colcon_core.package_identification:_identify(build) ignored
[0.188s] Level 1:colcon.colcon_core.package_identification:_identify(install) by extensions ['ignore', 'ignore_ament_install']
[0.188s] Level 1:colcon.colcon_core.package_identification:_identify(install) by extension 'ignore'
[0.188s] Level 1:colcon.colcon_core.package_identification:_identify(install) ignored
[0.188s] Level 1:colcon.colcon_core.package_identification:_identify(log) by extensions ['ignore', 'ignore_ament_install']
[0.188s] Level 1:colcon.colcon_core.package_identification:_identify(log) by extension 'ignore'
[0.188s] Level 1:colcon.colcon_core.package_identification:_identify(log) ignored
[0.188s] Level 1:colcon.colcon_core.package_identification:_identify(src) by extensions ['ignore', 'ignore_ament_install']
[0.188s] Level 1:colcon.colcon_core.package_identification:_identify(src) by extension 'ignore'
[0.188s] Level 1:colcon.colcon_core.package_identification:_identify(src) by extension 'ignore_ament_install'
[0.188s] Level 1:colcon.colcon_core.package_identification:_identify(src) by extensions ['colcon_pkg']
[0.188s] Level 1:colcon.colcon_core.package_identification:_identify(src) by extension 'colcon_pkg'
[0.188s] Level 1:colcon.colcon_core.package_identification:_identify(src) by extensions ['colcon_meta']
[0.188s] Level 1:colcon.colcon_core.package_identification:_identify(src) by extension 'colcon_meta'
[0.188s] Level 1:colcon.colcon_core.package_identification:_identify(src) by extensions ['ros']
[0.188s] Level 1:colcon.colcon_core.package_identification:_identify(src) by extension 'ros'
[0.189s] Level 1:colcon.colcon_core.package_identification:_identify(src) by extensions ['cmake', 'python']
[0.189s] Level 1:colcon.colcon_core.package_identification:_identify(src) by extension 'cmake'
[0.189s] Level 1:colcon.colcon_core.package_identification:_identify(src) by extension 'python'
[0.189s] Level 1:colcon.colcon_core.package_identification:_identify(src) by extensions ['python_setup_py']
[0.189s] Level 1:colcon.colcon_core.package_identification:_identify(src) by extension 'python_setup_py'
[0.189s] Level 1:colcon.colcon_core.package_identification:_identify(src/control_pwm) by extensions ['ignore', 'ignore_ament_install']
[0.189s] Level 1:colcon.colcon_core.package_identification:_identify(src/control_pwm) by extension 'ignore'
[0.189s] Level 1:colcon.colcon_core.package_identification:_identify(src/control_pwm) by extension 'ignore_ament_install'
[0.189s] Level 1:colcon.colcon_core.package_identification:_identify(src/control_pwm) by extensions ['colcon_pkg']
[0.189s] Level 1:colcon.colcon_core.package_identification:_identify(src/control_pwm) by extension 'colcon_pkg'
[0.189s] Level 1:colcon.colcon_core.package_identification:_identify(src/control_pwm) by extensions ['colcon_meta']
[0.189s] Level 1:colcon.colcon_core.package_identification:_identify(src/control_pwm) by extension 'colcon_meta'
[0.189s] Level 1:colcon.colcon_core.package_identification:_identify(src/control_pwm) by extensions ['ros']
[0.189s] Level 1:colcon.colcon_core.package_identification:_identify(src/control_pwm) by extension 'ros'
[0.192s] DEBUG:colcon.colcon_core.package_identification:Package 'src/control_pwm' with type 'ros.ament_python' and name 'control_pwm'
[0.192s] Level 1:colcon.colcon_core.package_identification:_identify(src/lora_coms) by extensions ['ignore', 'ignore_ament_install']
[0.192s] Level 1:colcon.colcon_core.package_identification:_identify(src/lora_coms) by extension 'ignore'
[0.192s] Level 1:colcon.colcon_core.package_identification:_identify(src/lora_coms) by extension 'ignore_ament_install'
[0.192s] Level 1:colcon.colcon_core.package_identification:_identify(src/lora_coms) by extensions ['colcon_pkg']
[0.192s] Level 1:colcon.colcon_core.package_identification:_identify(src/lora_coms) by extension 'colcon_pkg'
[0.192s] Level 1:colcon.colcon_core.package_identification:_identify(src/lora_coms) by extensions ['colcon_meta']
[0.192s] Level 1:colcon.colcon_core.package_identification:_identify(src/lora_coms) by extension 'colcon_meta'
[0.192s] Level 1:colcon.colcon_core.package_identification:_identify(src/lora_coms) by extensions ['ros']
[0.192s] Level 1:colcon.colcon_core.package_identification:_identify(src/lora_coms) by extension 'ros'
[0.193s] DEBUG:colcon.colcon_core.package_identification:Package 'src/lora_coms' with type 'ros.ament_python' and name 'lora_coms'
[0.193s] Level 1:colcon.colcon_core.package_discovery:discover_packages(recursive) using defaults
[0.193s] Level 1:colcon.colcon_core.package_discovery:discover_packages(ignore) discover
[0.193s] Level 1:colcon.colcon_core.package_discovery:discover_packages(ignore) using defaults
[0.193s] Level 1:colcon.colcon_core.package_discovery:discover_packages(path) discover
[0.193s] Level 1:colcon.colcon_core.package_discovery:discover_packages(path) using defaults
[0.212s] Level 1:colcon.colcon_core.package_discovery:discover_packages(prefix_path) check parameters
[0.212s] Level 1:colcon.colcon_core.package_discovery:discover_packages(prefix_path) discover
[0.213s] WARNING:colcon.colcon_core.prefix_path.colcon:The path '/home/nextauv/rov_ws/src/install' in the environment variable COLCON_PREFIX_PATH doesn't exist
[0.213s] WARNING:colcon.colcon_ros.prefix_path.ament:The path '/home/nextauv/rov_ws/src/install/lora_coms' in the environment variable AMENT_PREFIX_PATH doesn't exist
[0.213s] WARNING:colcon.colcon_ros.prefix_path.ament:The path '/home/nextauv/rov_ws/src/install/control_pwm' in the environment variable AMENT_PREFIX_PATH doesn't exist
[0.215s] DEBUG:colcon.colcon_installed_package_information.package_discovery:Found 377 installed packages in /opt/ros/jazzy
[0.218s] Level 1:colcon.colcon_core.package_discovery:discover_packages(prefix_path) using defaults
[0.267s] Level 5:colcon.colcon_core.verb:set package 'control_pwm' build argument 'cmake_args' from command line to 'None'
[0.267s] Level 5:colcon.colcon_core.verb:set package 'control_pwm' build argument 'cmake_target' from command line to 'None'
[0.267s] Level 5:colcon.colcon_core.verb:set package 'control_pwm' build argument 'cmake_target_skip_unavailable' from command line to 'False'
[0.268s] Level 5:colcon.colcon_core.verb:set package 'control_pwm' build argument 'cmake_clean_cache' from command line to 'False'
[0.268s] Level 5:colcon.colcon_core.verb:set package 'control_pwm' build argument 'cmake_clean_first' from command line to 'False'
[0.268s] Level 5:colcon.colcon_core.verb:set package 'control_pwm' build argument 'cmake_force_configure' from command line to 'False'
[0.268s] Level 5:colcon.colcon_core.verb:set package 'control_pwm' build argument 'ament_cmake_args' from command line to 'None'
[0.268s] Level 5:colcon.colcon_core.verb:set package 'control_pwm' build argument 'catkin_cmake_args' from command line to 'None'
[0.268s] Level 5:colcon.colcon_core.verb:set package 'control_pwm' build argument 'catkin_skip_building_tests' from command line to 'False'
[0.268s] DEBUG:colcon.colcon_core.verb:Building package 'control_pwm' with the following arguments: {'ament_cmake_args': None, 'build_base': '/home/nextauv/rov_ws/build/control_pwm', 'catkin_cmake_args': None, 'catkin_skip_building_tests': False, 'cmake_args': None, 'cmake_clean_cache': False, 'cmake_clean_first': False, 'cmake_force_configure': False, 'cmake_target': None, 'cmake_target_skip_unavailable': False, 'install_base': '/home/nextauv/rov_ws/install/control_pwm', 'merge_install': False, 'path': '/home/nextauv/rov_ws/src/control_pwm', 'symlink_install': False, 'test_result_base': None}
[0.268s] Level 5:colcon.colcon_core.verb:set package 'lora_coms' build argument 'cmake_args' from command line to 'None'
[0.268s] Level 5:colcon.colcon_core.verb:set package 'lora_coms' build argument 'cmake_target' from command line to 'None'
[0.268s] Level 5:colcon.colcon_core.verb:set package 'lora_coms' build argument 'cmake_target_skip_unavailable' from command line to 'False'
[0.268s] Level 5:colcon.colcon_core.verb:set package 'lora_coms' build argument 'cmake_clean_cache' from command line to 'False'
[0.268s] Level 5:colcon.colcon_core.verb:set package 'lora_coms' build argument 'cmake_clean_first' from command line to 'False'
[0.268s] Level 5:colcon.colcon_core.verb:set package 'lora_coms' build argument 'cmake_force_configure' from command line to 'False'
[0.268s] Level 5:colcon.colcon_core.verb:set package 'lora_coms' build argument 'ament_cmake_args' from command line to 'None'
[0.268s] Level 5:colcon.colcon_core.verb:set package 'lora_coms' build argument 'catkin_cmake_args' from command line to 'None'
[0.268s] Level 5:colcon.colcon_core.verb:set package 'lora_coms' build argument 'catkin_skip_building_tests' from command line to 'False'
[0.268s] DEBUG:colcon.colcon_core.verb:Building package 'lora_coms' with the following arguments: {'ament_cmake_args': None, 'build_base': '/home/nextauv/rov_ws/build/lora_coms', 'catkin_cmake_args': None, 'catkin_skip_building_tests': False, 'cmake_args': None, 'cmake_clean_cache': False, 'cmake_clean_first': False, 'cmake_force_configure': False, 'cmake_target': None, 'cmake_target_skip_unavailable': False, 'install_base': '/home/nextauv/rov_ws/install/lora_coms', 'merge_install': False, 'path': '/home/nextauv/rov_ws/src/lora_coms', 'symlink_install': False, 'test_result_base': None}
[0.268s] INFO:colcon.colcon_core.executor:Executing jobs using 'parallel' executor
[0.269s] DEBUG:colcon.colcon_parallel_executor.executor.parallel:run_until_complete
[0.270s] INFO:colcon.colcon_ros.task.ament_python.build:Building ROS package in '/home/nextauv/rov_ws/src/control_pwm' with build type 'ament_python'
[0.270s] Level 1:colcon.colcon_core.shell:create_environment_hook('control_pwm', 'ament_prefix_path')
[0.271s] INFO:colcon.colcon_core.plugin_system:Skipping extension 'colcon_core.shell.bat': Not used on non-Windows systems
[0.272s] INFO:colcon.colcon_core.shell:Creating environment hook '/home/nextauv/rov_ws/install/control_pwm/share/control_pwm/hook/ament_prefix_path.ps1'
[0.273s] INFO:colcon.colcon_core.shell:Creating environment descriptor '/home/nextauv/rov_ws/install/control_pwm/share/control_pwm/hook/ament_prefix_path.dsv'
[0.273s] INFO:colcon.colcon_core.shell:Creating environment hook '/home/nextauv/rov_ws/install/control_pwm/share/control_pwm/hook/ament_prefix_path.sh'
[0.274s] INFO:colcon.colcon_core.shell:Skip shell extension 'powershell' for command environment: Not usable outside of PowerShell
[0.274s] DEBUG:colcon.colcon_core.shell:Skip shell extension 'dsv' for command environment
[0.278s] INFO:colcon.colcon_ros.task.ament_python.build:Building ROS package in '/home/nextauv/rov_ws/src/lora_coms' with build type 'ament_python'
[0.278s] Level 1:colcon.colcon_core.shell:create_environment_hook('lora_coms', 'ament_prefix_path')
[0.278s] INFO:colcon.colcon_core.shell:Creating environment hook '/home/nextauv/rov_ws/install/lora_coms/share/lora_coms/hook/ament_prefix_path.ps1'
[0.279s] INFO:colcon.colcon_core.shell:Creating environment descriptor '/home/nextauv/rov_ws/install/lora_coms/share/lora_coms/hook/ament_prefix_path.dsv'
[0.279s] INFO:colcon.colcon_core.shell:Creating environment hook '/home/nextauv/rov_ws/install/lora_coms/share/lora_coms/hook/ament_prefix_path.sh'
[0.280s] INFO:colcon.colcon_core.shell:Skip shell extension 'powershell' for command environment: Not usable outside of PowerShell
[0.280s] DEBUG:colcon.colcon_core.shell:Skip shell extension 'dsv' for command environment
[0.537s] INFO:colcon.colcon_core.task.python.build:Building Python package in '/home/nextauv/rov_ws/src/control_pwm'
[0.538s] INFO:colcon.colcon_core.shell:Skip shell extension 'powershell' for command environment: Not usable outside of PowerShell
[0.538s] DEBUG:colcon.colcon_core.shell:Skip shell extension 'dsv' for command environment
[0.789s] INFO:colcon.colcon_core.task.python.build:Building Python package in '/home/nextauv/rov_ws/src/lora_coms'
[0.789s] INFO:colcon.colcon_core.shell:Skip shell extension 'powershell' for command environment: Not usable outside of PowerShell
[0.789s] DEBUG:colcon.colcon_core.shell:Skip shell extension 'dsv' for command environment
[1.453s] DEBUG:colcon.colcon_core.event_handler.log_command:Invoking command in '/home/nextauv/rov_ws/src/control_pwm': DEBUGINFOD_URLS=https://debuginfod.ubuntu.com PYTHONPATH=/home/nextauv/rov_ws/build/control_pwm/prefix_override:/usr/lib/python3/dist-packages/colcon_core/task/python/colcon_distutils_commands:/home/nextauv/rov_ws/install/control_pwm/lib/python3.12/site-packages:${PYTHONPATH} /usr/bin/python3 -W ignore:setup.py install is deprecated -W ignore:easy_install command is deprecated setup.py egg_info --egg-base ../../build/control_pwm build --build-base /home/nextauv/rov_ws/build/control_pwm/build install --record /home/nextauv/rov_ws/build/control_pwm/install.log --single-version-externally-managed install_data
[1.486s] DEBUG:colcon.colcon_core.event_handler.log_command:Invoking command in '/home/nextauv/rov_ws/src/lora_coms': DEBUGINFOD_URLS=https://debuginfod.ubuntu.com PYTHONPATH=/home/nextauv/rov_ws/build/lora_coms/prefix_override:/usr/lib/python3/dist-packages/colcon_core/task/python/colcon_distutils_commands:/home/nextauv/rov_ws/install/lora_coms/lib/python3.12/site-packages:${PYTHONPATH} /usr/bin/python3 -W ignore:setup.py install is deprecated -W ignore:easy_install command is deprecated setup.py egg_info --egg-base ../../build/lora_coms build --build-base /home/nextauv/rov_ws/build/lora_coms/build install --record /home/nextauv/rov_ws/build/lora_coms/install.log --single-version-externally-managed install_data
[2.061s] DEBUG:colcon.colcon_core.event_handler.log_command:Invoked command in '/home/nextauv/rov_ws/src/control_pwm' returned '0': DEBUGINFOD_URLS=https://debuginfod.ubuntu.com PYTHONPATH=/home/nextauv/rov_ws/build/control_pwm/prefix_override:/usr/lib/python3/dist-packages/colcon_core/task/python/colcon_distutils_commands:/home/nextauv/rov_ws/install/control_pwm/lib/python3.12/site-packages:${PYTHONPATH} /usr/bin/python3 -W ignore:setup.py install is deprecated -W ignore:easy_install command is deprecated setup.py egg_info --egg-base ../../build/control_pwm build --build-base /home/nextauv/rov_ws/build/control_pwm/build install --record /home/nextauv/rov_ws/build/control_pwm/install.log --single-version-externally-managed install_data
[2.065s] Level 1:colcon.colcon_core.environment:checking '/home/nextauv/rov_ws/install/control_pwm' for CMake module files
[2.066s] Level 1:colcon.colcon_core.environment:checking '/home/nextauv/rov_ws/install/control_pwm' for CMake config files
[2.067s] Level 1:colcon.colcon_core.environment:checking '/home/nextauv/rov_ws/install/control_pwm/lib'
[2.067s] Level 1:colcon.colcon_core.environment:checking '/home/nextauv/rov_ws/install/control_pwm/bin'
[2.067s] Level 1:colcon.colcon_core.environment:checking '/home/nextauv/rov_ws/install/control_pwm/lib/pkgconfig/control_pwm.pc'
[2.068s] Level 1:colcon.colcon_core.environment:checking '/home/nextauv/rov_ws/install/control_pwm/lib/python3.12/site-packages'
[2.068s] Level 1:colcon.colcon_core.shell:create_environment_hook('control_pwm', 'pythonpath')
[2.068s] INFO:colcon.colcon_core.shell:Creating environment hook '/home/nextauv/rov_ws/install/control_pwm/share/control_pwm/hook/pythonpath.ps1'
[2.069s] INFO:colcon.colcon_core.shell:Creating environment descriptor '/home/nextauv/rov_ws/install/control_pwm/share/control_pwm/hook/pythonpath.dsv'
[2.069s] INFO:colcon.colcon_core.shell:Creating environment hook '/home/nextauv/rov_ws/install/control_pwm/share/control_pwm/hook/pythonpath.sh'
[2.070s] Level 1:colcon.colcon_core.environment:checking '/home/nextauv/rov_ws/install/control_pwm/bin'
[2.070s] Level 1:colcon.colcon_core.environment:create_environment_scripts_only(control_pwm)
[2.071s] INFO:colcon.colcon_core.shell:Creating package script '/home/nextauv/rov_ws/install/control_pwm/share/control_pwm/package.ps1'
[2.072s] INFO:colcon.colcon_core.shell:Creating package descriptor '/home/nextauv/rov_ws/install/control_pwm/share/control_pwm/package.dsv'
[2.073s] INFO:colcon.colcon_core.shell:Creating package script '/home/nextauv/rov_ws/install/control_pwm/share/control_pwm/package.sh'
[2.074s] INFO:colcon.colcon_core.shell:Creating package script '/home/nextauv/rov_ws/install/control_pwm/share/control_pwm/package.bash'
[2.075s] INFO:colcon.colcon_core.shell:Creating package script '/home/nextauv/rov_ws/install/control_pwm/share/control_pwm/package.zsh'
[2.076s] Level 1:colcon.colcon_core.environment:create_file_with_runtime_dependencies(/home/nextauv/rov_ws/install/control_pwm/share/colcon-core/packages/control_pwm)
[2.115s] Level 1:colcon.colcon_core.environment:checking '/home/nextauv/rov_ws/install/lora_coms' for CMake module files
[2.116s] DEBUG:colcon.colcon_core.event_handler.log_command:Invoked command in '/home/nextauv/rov_ws/src/lora_coms' returned '0': DEBUGINFOD_URLS=https://debuginfod.ubuntu.com PYTHONPATH=/home/nextauv/rov_ws/build/lora_coms/prefix_override:/usr/lib/python3/dist-packages/colcon_core/task/python/colcon_distutils_commands:/home/nextauv/rov_ws/install/lora_coms/lib/python3.12/site-packages:${PYTHONPATH} /usr/bin/python3 -W ignore:setup.py install is deprecated -W ignore:easy_install command is deprecated setup.py egg_info --egg-base ../../build/lora_coms build --build-base /home/nextauv/rov_ws/build/lora_coms/build install --record /home/nextauv/rov_ws/build/lora_coms/install.log --single-version-externally-managed install_data
[2.116s] Level 1:colcon.colcon_core.environment:checking '/home/nextauv/rov_ws/install/lora_coms' for CMake config files
[2.117s] Level 1:colcon.colcon_core.environment:checking '/home/nextauv/rov_ws/install/lora_coms/lib'
[2.117s] Level 1:colcon.colcon_core.environment:checking '/home/nextauv/rov_ws/install/lora_coms/bin'
[2.117s] Level 1:colcon.colcon_core.environment:checking '/home/nextauv/rov_ws/install/lora_coms/lib/pkgconfig/lora_coms.pc'
[2.117s] Level 1:colcon.colcon_core.environment:checking '/home/nextauv/rov_ws/install/lora_coms/lib/python3.12/site-packages'
[2.118s] Level 1:colcon.colcon_core.shell:create_environment_hook('lora_coms', 'pythonpath')
[2.118s] INFO:colcon.colcon_core.shell:Creating environment hook '/home/nextauv/rov_ws/install/lora_coms/share/lora_coms/hook/pythonpath.ps1'
[2.118s] INFO:colcon.colcon_core.shell:Creating environment descriptor '/home/nextauv/rov_ws/install/lora_coms/share/lora_coms/hook/pythonpath.dsv'
[2.119s] INFO:colcon.colcon_core.shell:Creating environment hook '/home/nextauv/rov_ws/install/lora_coms/share/lora_coms/hook/pythonpath.sh'
[2.119s] Level 1:colcon.colcon_core.environment:checking '/home/nextauv/rov_ws/install/lora_coms/bin'
[2.119s] Level 1:colcon.colcon_core.environment:create_environment_scripts_only(lora_coms)
[2.119s] INFO:colcon.colcon_core.shell:Creating package script '/home/nextauv/rov_ws/install/lora_coms/share/lora_coms/package.ps1'
[2.120s] INFO:colcon.colcon_core.shell:Creating package descriptor '/home/nextauv/rov_ws/install/lora_coms/share/lora_coms/package.dsv'
[2.120s] INFO:colcon.colcon_core.shell:Creating package script '/home/nextauv/rov_ws/install/lora_coms/share/lora_coms/package.sh'
[2.121s] INFO:colcon.colcon_core.shell:Creating package script '/home/nextauv/rov_ws/install/lora_coms/share/lora_coms/package.bash'
[2.121s] INFO:colcon.colcon_core.shell:Creating package script '/home/nextauv/rov_ws/install/lora_coms/share/lora_coms/package.zsh'
[2.121s] Level 1:colcon.colcon_core.environment:create_file_with_runtime_dependencies(/home/nextauv/rov_ws/install/lora_coms/share/colcon-core/packages/lora_coms)
[2.121s] DEBUG:colcon.colcon_parallel_executor.executor.parallel:closing loop
[2.122s] DEBUG:colcon.colcon_parallel_executor.executor.parallel:loop closed
[2.122s] DEBUG:colcon.colcon_parallel_executor.executor.parallel:run_until_complete finished with '0'
[2.122s] DEBUG:colcon.colcon_core.event_reactor:joining thread
[2.128s] INFO:colcon.colcon_core.plugin_system:Skipping extension 'colcon_notification.desktop_notification.terminal_notifier': Not used on non-Darwin systems
[2.128s] INFO:colcon.colcon_core.plugin_system:Skipping extension 'colcon_notification.desktop_notification.win32': Not used on non-Windows systems
[2.128s] INFO:colcon.colcon_notification.desktop_notification:Sending desktop notification using 'notify2'
[2.145s] DEBUG:colcon.colcon_core.event_reactor:joined thread
[2.145s] INFO:colcon.colcon_core.shell:Creating prefix script '/home/nextauv/rov_ws/install/local_setup.ps1'
[2.146s] INFO:colcon.colcon_core.shell:Creating prefix util module '/home/nextauv/rov_ws/install/_local_setup_util_ps1.py'
[2.148s] INFO:colcon.colcon_core.shell:Creating prefix chain script '/home/nextauv/rov_ws/install/setup.ps1'
[2.149s] INFO:colcon.colcon_core.shell:Creating prefix script '/home/nextauv/rov_ws/install/local_setup.sh'
[2.149s] INFO:colcon.colcon_core.shell:Creating prefix util module '/home/nextauv/rov_ws/install/_local_setup_util_sh.py'
[2.150s] INFO:colcon.colcon_core.shell:Creating prefix chain script '/home/nextauv/rov_ws/install/setup.sh'
[2.151s] INFO:colcon.colcon_core.shell:Creating prefix script '/home/nextauv/rov_ws/install/local_setup.bash'
[2.151s] INFO:colcon.colcon_core.shell:Creating prefix chain script '/home/nextauv/rov_ws/install/setup.bash'
[2.152s] INFO:colcon.colcon_core.shell:Creating prefix script '/home/nextauv/rov_ws/install/local_setup.zsh'
[2.153s] INFO:colcon.colcon_core.shell:Creating prefix chain script '/home/nextauv/rov_ws/install/setup.zsh'
